<?xml version="1.0" encoding="UTF-8"?>
<testng-results ignored="0" total="10" passed="10" failed="0" skipped="0">
  <reporter-output>
  </reporter-output>
  <suite started-at="2022-11-11T09:50:31Z" name="Messaging_Platform_Project" finished-at="2022-11-11T09:53:28Z" duration-ms="176745">
    <groups>
    </groups>
    <test started-at="2022-11-11T09:50:31Z" name="Platform Test" finished-at="2022-11-11T09:53:28Z" duration-ms="176745">
      <class name="com.Campaigns.testCases.TC_MasterTestCase">
        <test-method is-config="true" signature="setup(java.lang.String)[pri:0, instance:com.Campaigns.testCases.TC_MasterTestCase@6db9f5a4]" started-at="2022-11-11T09:50:31Z" name="setup" finished-at="2022-11-11T09:50:37Z" duration-ms="5833" status="PASS">
          <params>
            <param index="0">
              <value>
                <![CDATA[chrome]]>
              </value>
            </param>
          </params>
          <reporter-output>
          </reporter-output>
        </test-method> <!-- setup -->
        <test-method signature="SearchCampaign()[pri:0, instance:com.Campaigns.testCases.TC_MasterTestCase@6db9f5a4]" started-at="2022-11-11T09:50:37Z" name="SearchCampaign" finished-at="2022-11-11T09:50:41Z" duration-ms="3670" status="PASS">
          <reporter-output>
          </reporter-output>
        </test-method> <!-- SearchCampaign -->
        <test-method signature="CreateCampaign()[pri:1, instance:com.Campaigns.testCases.TC_MasterTestCase@6db9f5a4]" started-at="2022-11-11T09:50:41Z" name="CreateCampaign" finished-at="2022-11-11T09:51:19Z" duration-ms="38003" status="PASS">
          <reporter-output>
          </reporter-output>
        </test-method> <!-- CreateCampaign -->
        <test-method signature="UpdateCampaign()[pri:2, instance:com.Campaigns.testCases.TC_MasterTestCase@6db9f5a4]" started-at="2022-11-11T09:51:19Z" name="UpdateCampaign" finished-at="2022-11-11T09:51:42Z" duration-ms="22965" status="PASS">
          <reporter-output>
          </reporter-output>
        </test-method> <!-- UpdateCampaign -->
        <test-method signature="Compliance()[pri:3, instance:com.Campaigns.testCases.TC_MasterTestCase@6db9f5a4]" started-at="2022-11-11T09:51:42Z" name="Compliance" finished-at="2022-11-11T09:51:48Z" duration-ms="6069" status="PASS">
          <reporter-output>
          </reporter-output>
        </test-method> <!-- Compliance -->
        <test-method signature="OptinList()[pri:4, instance:com.Campaigns.testCases.TC_MasterTestCase@6db9f5a4]" started-at="2022-11-11T09:51:48Z" name="OptinList" finished-at="2022-11-11T09:52:08Z" duration-ms="20526" status="PASS">
          <reporter-output>
          </reporter-output>
        </test-method> <!-- OptinList -->
        <test-method signature="MessageSchedule()[pri:5, instance:com.Campaigns.testCases.TC_MasterTestCase@6db9f5a4]" started-at="2022-11-11T09:52:08Z" name="MessageSchedule" finished-at="2022-11-11T09:52:36Z" duration-ms="27166" status="PASS">
          <reporter-output>
          </reporter-output>
        </test-method> <!-- MessageSchedule -->
        <test-method signature="AutoResponse()[pri:6, instance:com.Campaigns.testCases.TC_MasterTestCase@6db9f5a4]" started-at="2022-11-11T09:52:36Z" name="AutoResponse" finished-at="2022-11-11T09:53:01Z" duration-ms="25178" status="PASS">
          <reporter-output>
          </reporter-output>
        </test-method> <!-- AutoResponse -->
        <test-method signature="Keywords()[pri:7, instance:com.Campaigns.testCases.TC_MasterTestCase@6db9f5a4]" started-at="2022-11-11T09:53:01Z" name="Keywords" finished-at="2022-11-11T09:53:10Z" duration-ms="9151" status="PASS">
          <reporter-output>
          </reporter-output>
        </test-method> <!-- Keywords -->
        <test-method signature="SMSInbox()[pri:8, instance:com.Campaigns.testCases.TC_MasterTestCase@6db9f5a4]" started-at="2022-11-11T09:53:10Z" name="SMSInbox" finished-at="2022-11-11T09:53:14Z" duration-ms="3567" status="PASS">
          <reporter-output>
          </reporter-output>
        </test-method> <!-- SMSInbox -->
        <test-method signature="copyDelete()[pri:9, instance:com.Campaigns.testCases.TC_MasterTestCase@6db9f5a4]" started-at="2022-11-11T09:53:14Z" name="copyDelete" finished-at="2022-11-11T09:53:28Z" duration-ms="14466" status="PASS">
          <reporter-output>
          </reporter-output>
        </test-method> <!-- copyDelete -->
      </class> <!-- com.Campaigns.testCases.TC_MasterTestCase -->
    </test> <!-- Platform Test -->
  </suite> <!-- Messaging_Platform_Project -->
</testng-results>
